[2023-06-22 08:58:29] INFO org.hibernate.validator.internal.util.Version(Version.java:21) - HV000001: Hibernate Validator 8.0.0.Final
[2023-06-22 08:58:29] INFO lian.sample.productapi.ProductApiApplication(StartupInfoLogger.java:51) - Starting ProductApiApplication using Java 17.0.3 with PID 31892 (C:\Users\dlaeh\workSpaces\test-sample\product-api\build\classes\java\main started by dlaeh in C:\Users\dlaeh\workSpaces\test-sample\product-api)
[2023-06-22 08:58:29] INFO lian.sample.productapi.ProductApiApplication(SpringApplication.java:639) - The following 1 profile is active: "local"
[2023-06-22 08:58:29] INFO org.springframework.boot.devtools.env.DevToolsPropertyDefaultsPostProcessor(DeferredLog.java:250) - Devtools property defaults active! Set 'spring.devtools.add-properties' to 'false' to disable
[2023-06-22 08:58:29] INFO org.springframework.boot.devtools.env.DevToolsPropertyDefaultsPostProcessor(DeferredLog.java:250) - For additional web related logging consider setting the 'logging.level.web' property to 'DEBUG'
[2023-06-22 08:58:30] INFO org.springframework.data.repository.config.RepositoryConfigurationDelegate(RepositoryConfigurationDelegate.java:138) - Bootstrapping Spring Data JPA repositories in DEFAULT mode.
[2023-06-22 08:58:30] INFO org.springframework.data.repository.config.RepositoryConfigurationDelegate(RepositoryConfigurationDelegate.java:208) - Finished Spring Data repository scanning in 51 ms. Found 2 JPA repository interfaces.
[2023-06-22 08:58:31] INFO org.springframework.boot.web.embedded.tomcat.TomcatWebServer(TomcatWebServer.java:108) - Tomcat initialized with port(s): 8080 (http)
[2023-06-22 08:58:31] INFO org.apache.coyote.http11.Http11NioProtocol(DirectJDKLog.java:173) - Initializing ProtocolHandler ["http-nio-8080"]
[2023-06-22 08:58:31] INFO org.apache.catalina.core.StandardService(DirectJDKLog.java:173) - Starting service [Tomcat]
[2023-06-22 08:58:31] INFO org.apache.catalina.core.StandardEngine(DirectJDKLog.java:173) - Starting Servlet engine: [Apache Tomcat/10.1.8]
[2023-06-22 08:58:31] INFO org.apache.catalina.core.ContainerBase.[Tomcat].[localhost].[/](DirectJDKLog.java:173) - Initializing Spring embedded WebApplicationContext
[2023-06-22 08:58:31] INFO org.springframework.boot.web.servlet.context.ServletWebServerApplicationContext(ServletWebServerApplicationContext.java:291) - Root WebApplicationContext: initialization completed in 2119 ms
[2023-06-22 08:58:32] INFO org.hibernate.jpa.internal.util.LogHelper(LogHelper.java:31) - HHH000204: Processing PersistenceUnitInfo [name: default]
[2023-06-22 08:58:32] INFO org.hibernate.Version(Version.java:44) - HHH000412: Hibernate ORM core version 6.2.2.Final
[2023-06-22 08:58:32] INFO org.hibernate.cfg.Environment(Environment.java:191) - HHH000406: Using bytecode reflection optimizer
[2023-06-22 08:58:32] INFO org.hibernate.bytecode.internal.BytecodeProviderInitiator(BytecodeProviderInitiator.java:53) - HHH000021: Bytecode provider name : bytebuddy
[2023-06-22 08:58:32] INFO org.springframework.orm.jpa.persistenceunit.SpringPersistenceUnitInfo(SpringPersistenceUnitInfo.java:87) - No LoadTimeWeaver setup: ignoring JPA class transformer
[2023-06-22 08:58:32] INFO com.zaxxer.hikari.HikariDataSource(HikariDataSource.java:110) - HikariPool-1 - Starting...
[2023-06-22 08:58:32] INFO com.zaxxer.hikari.pool.HikariPool(HikariPool.java:565) - HikariPool-1 - Added connection org.postgresql.jdbc.PgConnection@436ea74f
[2023-06-22 08:58:32] INFO com.zaxxer.hikari.HikariDataSource(HikariDataSource.java:123) - HikariPool-1 - Start completed.
[2023-06-22 08:58:33] INFO org.hibernate.orm.dialect(DialectFactoryImpl.java:93) - HHH035001: Using dialect: org.hibernate.dialect.PostgreSQLDialect, version: org.hibernate.engine.jdbc.env.internal.JdbcEnvironmentInitiator$DialectResolutionInfoImpl@46117a10
[2023-06-22 08:58:33] INFO org.hibernate.bytecode.internal.BytecodeProviderInitiator(BytecodeProviderInitiator.java:53) - HHH000021: Bytecode provider name : bytebuddy
[2023-06-22 08:58:34] INFO org.hibernate.engine.transaction.jta.platform.internal.JtaPlatformInitiator(JtaPlatformInitiator.java:51) - HHH000490: Using JtaPlatform implementation: [org.hibernate.engine.transaction.jta.platform.internal.NoJtaPlatform]
[2023-06-22 08:58:34] WARN com.zaxxer.hikari.pool.PoolBase(PoolBase.java:179) - HikariPool-1 - Failed to validate connection org.postgresql.jdbc.PgConnection@436ea74f (This connection has been closed.). Possibly consider using a shorter maxLifetime value.
[2023-06-22 08:58:34] WARN com.zaxxer.hikari.pool.PoolBase(PoolBase.java:179) - HikariPool-1 - Failed to validate connection org.postgresql.jdbc.PgConnection@461046f7 (This connection has been closed.). Possibly consider using a shorter maxLifetime value.
[2023-06-22 08:58:34] WARN com.zaxxer.hikari.pool.PoolBase(PoolBase.java:179) - HikariPool-1 - Failed to validate connection org.postgresql.jdbc.PgConnection@407bd5c0 (This connection has been closed.). Possibly consider using a shorter maxLifetime value.
[2023-06-22 08:58:34] WARN com.zaxxer.hikari.pool.PoolBase(PoolBase.java:179) - HikariPool-1 - Failed to validate connection org.postgresql.jdbc.PgConnection@54a2ea4b (This connection has been closed.). Possibly consider using a shorter maxLifetime value.
[2023-06-22 08:58:34] WARN com.zaxxer.hikari.pool.PoolBase(PoolBase.java:179) - HikariPool-1 - Failed to validate connection org.postgresql.jdbc.PgConnection@77dba072 (This connection has been closed.). Possibly consider using a shorter maxLifetime value.
[2023-06-22 08:58:34] WARN com.zaxxer.hikari.pool.PoolBase(PoolBase.java:179) - HikariPool-1 - Failed to validate connection org.postgresql.jdbc.PgConnection@33387780 (This connection has been closed.). Possibly consider using a shorter maxLifetime value.
[2023-06-22 08:58:34] WARN com.zaxxer.hikari.pool.PoolBase(PoolBase.java:179) - HikariPool-1 - Failed to validate connection org.postgresql.jdbc.PgConnection@2df361f2 (This connection has been closed.). Possibly consider using a shorter maxLifetime value.
[2023-06-22 08:58:34] WARN com.zaxxer.hikari.pool.PoolBase(PoolBase.java:179) - HikariPool-1 - Failed to validate connection org.postgresql.jdbc.PgConnection@6e4036b5 (This connection has been closed.). Possibly consider using a shorter maxLifetime value.
[2023-06-22 08:58:34] WARN com.zaxxer.hikari.pool.PoolBase(PoolBase.java:179) - HikariPool-1 - Failed to validate connection org.postgresql.jdbc.PgConnection@4432c33f (This connection has been closed.). Possibly consider using a shorter maxLifetime value.
[2023-06-22 08:58:34] WARN com.zaxxer.hikari.pool.PoolBase(PoolBase.java:179) - HikariPool-1 - Failed to validate connection org.postgresql.jdbc.PgConnection@34c6384e (This connection has been closed.). Possibly consider using a shorter maxLifetime value.
[2023-06-22 08:59:04] WARN org.hibernate.engine.jdbc.spi.SqlExceptionHelper(SqlExceptionHelper.java:145) - SQL Error: 0, SQLState: 08001
[2023-06-22 08:59:04] ERROR org.hibernate.engine.jdbc.spi.SqlExceptionHelper(SqlExceptionHelper.java:150) - HikariPool-1 - Connection is not available, request timed out after 30005ms.
[2023-06-22 08:59:04] ERROR org.hibernate.engine.jdbc.spi.SqlExceptionHelper(SqlExceptionHelper.java:150) - Connection to localhost:5432 refused. Check that the hostname and port are correct and that the postmaster is accepting TCP/IP connections.
[2023-06-22 08:59:04] ERROR org.springframework.orm.jpa.LocalContainerEntityManagerFactoryBean(AbstractEntityManagerFactoryBean.java:426) - Failed to initialize JPA EntityManagerFactory: [PersistenceUnit: default] Unable to build Hibernate SessionFactory; nested exception is org.hibernate.exception.JDBCConnectionException: Unable to open JDBC Connection for DDL execution [HikariPool-1 - Connection is not available, request timed out after 30005ms.] [n/a]
[2023-06-22 08:59:04] WARN org.springframework.boot.web.servlet.context.AnnotationConfigServletWebServerApplicationContext(AbstractApplicationContext.java:616) - Exception encountered during context initialization - cancelling refresh attempt: org.springframework.beans.factory.BeanCreationException: Error creating bean with name 'entityManagerFactory' defined in class path resource [org/springframework/boot/autoconfigure/orm/jpa/HibernateJpaConfiguration.class]: [PersistenceUnit: default] Unable to build Hibernate SessionFactory; nested exception is org.hibernate.exception.JDBCConnectionException: Unable to open JDBC Connection for DDL execution [HikariPool-1 - Connection is not available, request timed out after 30005ms.] [n/a]
[2023-06-22 08:59:04] INFO com.zaxxer.hikari.HikariDataSource(HikariDataSource.java:350) - HikariPool-1 - Shutdown initiated...
[2023-06-22 08:59:04] INFO com.zaxxer.hikari.HikariDataSource(HikariDataSource.java:352) - HikariPool-1 - Shutdown completed.
[2023-06-22 08:59:04] INFO org.apache.catalina.core.StandardService(DirectJDKLog.java:173) - Stopping service [Tomcat]
[2023-06-22 08:59:04] INFO org.springframework.boot.autoconfigure.logging.ConditionEvaluationReportLogger(ConditionEvaluationReportLogger.java:82) - 

Error starting ApplicationContext. To display the condition evaluation report re-run your application with 'debug' enabled.
[2023-06-22 08:59:04] ERROR org.springframework.boot.SpringApplication(SpringApplication.java:823) - Application run failed
org.springframework.beans.factory.BeanCreationException: Error creating bean with name 'entityManagerFactory' defined in class path resource [org/springframework/boot/autoconfigure/orm/jpa/HibernateJpaConfiguration.class]: [PersistenceUnit: default] Unable to build Hibernate SessionFactory; nested exception is org.hibernate.exception.JDBCConnectionException: Unable to open JDBC Connection for DDL execution [HikariPool-1 - Connection is not available, request timed out after 30005ms.] [n/a]
	at org.springframework.beans.factory.support.AbstractAutowireCapableBeanFactory.initializeBean(AbstractAutowireCapableBeanFactory.java:1770) ~[spring-beans-6.0.9.jar:6.0.9]
	at org.springframework.beans.factory.support.AbstractAutowireCapableBeanFactory.doCreateBean(AbstractAutowireCapableBeanFactory.java:598) ~[spring-beans-6.0.9.jar:6.0.9]
	at org.springframework.beans.factory.support.AbstractAutowireCapableBeanFactory.createBean(AbstractAutowireCapableBeanFactory.java:520) ~[spring-beans-6.0.9.jar:6.0.9]
	at org.springframework.beans.factory.support.AbstractBeanFactory.lambda$doGetBean$0(AbstractBeanFactory.java:326) ~[spring-beans-6.0.9.jar:6.0.9]
	at org.springframework.beans.factory.support.DefaultSingletonBeanRegistry.getSingleton(DefaultSingletonBeanRegistry.java:234) ~[spring-beans-6.0.9.jar:6.0.9]
	at org.springframework.beans.factory.support.AbstractBeanFactory.doGetBean(AbstractBeanFactory.java:324) ~[spring-beans-6.0.9.jar:6.0.9]
	at org.springframework.beans.factory.support.AbstractBeanFactory.getBean(AbstractBeanFactory.java:200) ~[spring-beans-6.0.9.jar:6.0.9]
	at org.springframework.context.support.AbstractApplicationContext.getBean(AbstractApplicationContext.java:1156) ~[spring-context-6.0.9.jar:6.0.9]
	at org.springframework.context.support.AbstractApplicationContext.finishBeanFactoryInitialization(AbstractApplicationContext.java:931) ~[spring-context-6.0.9.jar:6.0.9]
	at org.springframework.context.support.AbstractApplicationContext.refresh(AbstractApplicationContext.java:608) ~[spring-context-6.0.9.jar:6.0.9]
	at org.springframework.boot.web.servlet.context.ServletWebServerApplicationContext.refresh(ServletWebServerApplicationContext.java:146) ~[spring-boot-3.1.0.jar:3.1.0]
	at org.springframework.boot.SpringApplication.refresh(SpringApplication.java:733) [spring-boot-3.1.0.jar:3.1.0]
	at org.springframework.boot.SpringApplication.refreshContext(SpringApplication.java:435) [spring-boot-3.1.0.jar:3.1.0]
	at org.springframework.boot.SpringApplication.run(SpringApplication.java:311) [spring-boot-3.1.0.jar:3.1.0]
	at org.springframework.boot.SpringApplication.run(SpringApplication.java:1305) [spring-boot-3.1.0.jar:3.1.0]
	at org.springframework.boot.SpringApplication.run(SpringApplication.java:1294) [spring-boot-3.1.0.jar:3.1.0]
	at lian.sample.productapi.ProductApiApplication.main(ProductApiApplication.java:10) [main/:?]
	at jdk.internal.reflect.NativeMethodAccessorImpl.invoke0(Native Method) ~[?:?]
	at jdk.internal.reflect.NativeMethodAccessorImpl.invoke(NativeMethodAccessorImpl.java:77) ~[?:?]
	at jdk.internal.reflect.DelegatingMethodAccessorImpl.invoke(DelegatingMethodAccessorImpl.java:43) ~[?:?]
	at java.lang.reflect.Method.invoke(Method.java:568) ~[?:?]
	at org.springframework.boot.devtools.restart.RestartLauncher.run(RestartLauncher.java:49) [spring-boot-devtools-3.1.0.jar:3.1.0]
Caused by: jakarta.persistence.PersistenceException: [PersistenceUnit: default] Unable to build Hibernate SessionFactory; nested exception is org.hibernate.exception.JDBCConnectionException: Unable to open JDBC Connection for DDL execution [HikariPool-1 - Connection is not available, request timed out after 30005ms.] [n/a]
	at org.springframework.orm.jpa.AbstractEntityManagerFactoryBean.buildNativeEntityManagerFactory(AbstractEntityManagerFactoryBean.java:421) ~[spring-orm-6.0.9.jar:6.0.9]
	at org.springframework.orm.jpa.AbstractEntityManagerFactoryBean.afterPropertiesSet(AbstractEntityManagerFactoryBean.java:396) ~[spring-orm-6.0.9.jar:6.0.9]
	at org.springframework.orm.jpa.LocalContainerEntityManagerFactoryBean.afterPropertiesSet(LocalContainerEntityManagerFactoryBean.java:352) ~[spring-orm-6.0.9.jar:6.0.9]
	at org.springframework.beans.factory.support.AbstractAutowireCapableBeanFactory.invokeInitMethods(AbstractAutowireCapableBeanFactory.java:1816) ~[spring-beans-6.0.9.jar:6.0.9]
	at org.springframework.beans.factory.support.AbstractAutowireCapableBeanFactory.initializeBean(AbstractAutowireCapableBeanFactory.java:1766) ~[spring-beans-6.0.9.jar:6.0.9]
	... 21 more
Caused by: org.hibernate.exception.JDBCConnectionException: Unable to open JDBC Connection for DDL execution [HikariPool-1 - Connection is not available, request timed out after 30005ms.] [n/a]
	at org.hibernate.exception.internal.SQLExceptionTypeDelegate.convert(SQLExceptionTypeDelegate.java:49) ~[hibernate-core-6.2.2.Final.jar:6.2.2.Final]
	at org.hibernate.exception.internal.StandardSQLExceptionConverter.convert(StandardSQLExceptionConverter.java:56) ~[hibernate-core-6.2.2.Final.jar:6.2.2.Final]
	at org.hibernate.engine.jdbc.spi.SqlExceptionHelper.convert(SqlExceptionHelper.java:108) ~[hibernate-core-6.2.2.Final.jar:6.2.2.Final]
	at org.hibernate.engine.jdbc.spi.SqlExceptionHelper.convert(SqlExceptionHelper.java:94) ~[hibernate-core-6.2.2.Final.jar:6.2.2.Final]
	at org.hibernate.resource.transaction.backend.jdbc.internal.DdlTransactionIsolatorNonJtaImpl.getIsolatedConnection(DdlTransactionIsolatorNonJtaImpl.java:74) ~[hibernate-core-6.2.2.Final.jar:6.2.2.Final]
	at org.hibernate.resource.transaction.backend.jdbc.internal.DdlTransactionIsolatorNonJtaImpl.getIsolatedConnection(DdlTransactionIsolatorNonJtaImpl.java:39) ~[hibernate-core-6.2.2.Final.jar:6.2.2.Final]
	at org.hibernate.tool.schema.internal.exec.ImprovedExtractionContextImpl.getJdbcConnection(ImprovedExtractionContextImpl.java:63) ~[hibernate-core-6.2.2.Final.jar:6.2.2.Final]
	at org.hibernate.tool.schema.extract.spi.ExtractionContext.getQueryResults(ExtractionContext.java:43) ~[hibernate-core-6.2.2.Final.jar:6.2.2.Final]
	at org.hibernate.tool.schema.extract.internal.SequenceInformationExtractorLegacyImpl.extractMetadata(SequenceInformationExtractorLegacyImpl.java:39) ~[hibernate-core-6.2.2.Final.jar:6.2.2.Final]
	at org.hibernate.tool.schema.extract.internal.DatabaseInformationImpl.initializeSequences(DatabaseInformationImpl.java:66) ~[hibernate-core-6.2.2.Final.jar:6.2.2.Final]
	at org.hibernate.tool.schema.extract.internal.DatabaseInformationImpl.<init>(DatabaseInformationImpl.java:60) ~[hibernate-core-6.2.2.Final.jar:6.2.2.Final]
	at org.hibernate.tool.schema.internal.Helper.buildDatabaseInformation(Helper.java:187) ~[hibernate-core-6.2.2.Final.jar:6.2.2.Final]
	at org.hibernate.tool.schema.internal.AbstractSchemaMigrator.doMigration(AbstractSchemaMigrator.java:98) ~[hibernate-core-6.2.2.Final.jar:6.2.2.Final]
	at org.hibernate.tool.schema.spi.SchemaManagementToolCoordinator.performDatabaseAction(SchemaManagementToolCoordinator.java:284) ~[hibernate-core-6.2.2.Final.jar:6.2.2.Final]
	at org.hibernate.tool.schema.spi.SchemaManagementToolCoordinator.lambda$process$5(SchemaManagementToolCoordinator.java:143) ~[hibernate-core-6.2.2.Final.jar:6.2.2.Final]
	at java.util.HashMap.forEach(HashMap.java:1421) ~[?:?]
	at org.hibernate.tool.schema.spi.SchemaManagementToolCoordinator.process(SchemaManagementToolCoordinator.java:140) ~[hibernate-core-6.2.2.Final.jar:6.2.2.Final]
	at org.hibernate.boot.internal.SessionFactoryObserverForSchemaExport.sessionFactoryCreated(SessionFactoryObserverForSchemaExport.java:37) ~[hibernate-core-6.2.2.Final.jar:6.2.2.Final]
	at org.hibernate.internal.SessionFactoryObserverChain.sessionFactoryCreated(SessionFactoryObserverChain.java:35) ~[hibernate-core-6.2.2.Final.jar:6.2.2.Final]
	at org.hibernate.internal.SessionFactoryImpl.<init>(SessionFactoryImpl.java:291) ~[hibernate-core-6.2.2.Final.jar:6.2.2.Final]
	at org.hibernate.boot.internal.SessionFactoryBuilderImpl.build(SessionFactoryBuilderImpl.java:431) ~[hibernate-core-6.2.2.Final.jar:6.2.2.Final]
	at org.hibernate.jpa.boot.internal.EntityManagerFactoryBuilderImpl.build(EntityManagerFactoryBuilderImpl.java:1455) ~[hibernate-core-6.2.2.Final.jar:6.2.2.Final]
	at org.springframework.orm.jpa.vendor.SpringHibernateJpaPersistenceProvider.createContainerEntityManagerFactory(SpringHibernateJpaPersistenceProvider.java:66) ~[spring-orm-6.0.9.jar:6.0.9]
	at org.springframework.orm.jpa.LocalContainerEntityManagerFactoryBean.createNativeEntityManagerFactory(LocalContainerEntityManagerFactoryBean.java:376) ~[spring-orm-6.0.9.jar:6.0.9]
	at org.springframework.orm.jpa.AbstractEntityManagerFactoryBean.buildNativeEntityManagerFactory(AbstractEntityManagerFactoryBean.java:409) ~[spring-orm-6.0.9.jar:6.0.9]
	at org.springframework.orm.jpa.AbstractEntityManagerFactoryBean.afterPropertiesSet(AbstractEntityManagerFactoryBean.java:396) ~[spring-orm-6.0.9.jar:6.0.9]
	at org.springframework.orm.jpa.LocalContainerEntityManagerFactoryBean.afterPropertiesSet(LocalContainerEntityManagerFactoryBean.java:352) ~[spring-orm-6.0.9.jar:6.0.9]
	at org.springframework.beans.factory.support.AbstractAutowireCapableBeanFactory.invokeInitMethods(AbstractAutowireCapableBeanFactory.java:1816) ~[spring-beans-6.0.9.jar:6.0.9]
	at org.springframework.beans.factory.support.AbstractAutowireCapableBeanFactory.initializeBean(AbstractAutowireCapableBeanFactory.java:1766) ~[spring-beans-6.0.9.jar:6.0.9]
	... 21 more
Caused by: java.sql.SQLTransientConnectionException: HikariPool-1 - Connection is not available, request timed out after 30005ms.
	at com.zaxxer.hikari.pool.HikariPool.createTimeoutException(HikariPool.java:696) ~[HikariCP-5.0.1.jar:?]
	at com.zaxxer.hikari.pool.HikariPool.getConnection(HikariPool.java:181) ~[HikariCP-5.0.1.jar:?]
	at com.zaxxer.hikari.pool.HikariPool.getConnection(HikariPool.java:146) ~[HikariCP-5.0.1.jar:?]
	at com.zaxxer.hikari.HikariDataSource.getConnection(HikariDataSource.java:128) ~[HikariCP-5.0.1.jar:?]
	at org.hibernate.engine.jdbc.connections.internal.DatasourceConnectionProviderImpl.getConnection(DatasourceConnectionProviderImpl.java:122) ~[hibernate-core-6.2.2.Final.jar:6.2.2.Final]
	at org.hibernate.engine.jdbc.env.internal.JdbcEnvironmentInitiator$ConnectionProviderJdbcConnectionAccess.obtainConnection(JdbcEnvironmentInitiator.java:316) ~[hibernate-core-6.2.2.Final.jar:6.2.2.Final]
	at org.hibernate.resource.transaction.backend.jdbc.internal.DdlTransactionIsolatorNonJtaImpl.getIsolatedConnection(DdlTransactionIsolatorNonJtaImpl.java:46) ~[hibernate-core-6.2.2.Final.jar:6.2.2.Final]
	at org.hibernate.resource.transaction.backend.jdbc.internal.DdlTransactionIsolatorNonJtaImpl.getIsolatedConnection(DdlTransactionIsolatorNonJtaImpl.java:39) ~[hibernate-core-6.2.2.Final.jar:6.2.2.Final]
	at org.hibernate.tool.schema.internal.exec.ImprovedExtractionContextImpl.getJdbcConnection(ImprovedExtractionContextImpl.java:63) ~[hibernate-core-6.2.2.Final.jar:6.2.2.Final]
	at org.hibernate.tool.schema.extract.spi.ExtractionContext.getQueryResults(ExtractionContext.java:43) ~[hibernate-core-6.2.2.Final.jar:6.2.2.Final]
	at org.hibernate.tool.schema.extract.internal.SequenceInformationExtractorLegacyImpl.extractMetadata(SequenceInformationExtractorLegacyImpl.java:39) ~[hibernate-core-6.2.2.Final.jar:6.2.2.Final]
	at org.hibernate.tool.schema.extract.internal.DatabaseInformationImpl.initializeSequences(DatabaseInformationImpl.java:66) ~[hibernate-core-6.2.2.Final.jar:6.2.2.Final]
	at org.hibernate.tool.schema.extract.internal.DatabaseInformationImpl.<init>(DatabaseInformationImpl.java:60) ~[hibernate-core-6.2.2.Final.jar:6.2.2.Final]
	at org.hibernate.tool.schema.internal.Helper.buildDatabaseInformation(Helper.java:187) ~[hibernate-core-6.2.2.Final.jar:6.2.2.Final]
	at org.hibernate.tool.schema.internal.AbstractSchemaMigrator.doMigration(AbstractSchemaMigrator.java:98) ~[hibernate-core-6.2.2.Final.jar:6.2.2.Final]
	at org.hibernate.tool.schema.spi.SchemaManagementToolCoordinator.performDatabaseAction(SchemaManagementToolCoordinator.java:284) ~[hibernate-core-6.2.2.Final.jar:6.2.2.Final]
	at org.hibernate.tool.schema.spi.SchemaManagementToolCoordinator.lambda$process$5(SchemaManagementToolCoordinator.java:143) ~[hibernate-core-6.2.2.Final.jar:6.2.2.Final]
	at java.util.HashMap.forEach(HashMap.java:1421) ~[?:?]
	at org.hibernate.tool.schema.spi.SchemaManagementToolCoordinator.process(SchemaManagementToolCoordinator.java:140) ~[hibernate-core-6.2.2.Final.jar:6.2.2.Final]
	at org.hibernate.boot.internal.SessionFactoryObserverForSchemaExport.sessionFactoryCreated(SessionFactoryObserverForSchemaExport.java:37) ~[hibernate-core-6.2.2.Final.jar:6.2.2.Final]
	at org.hibernate.internal.SessionFactoryObserverChain.sessionFactoryCreated(SessionFactoryObserverChain.java:35) ~[hibernate-core-6.2.2.Final.jar:6.2.2.Final]
	at org.hibernate.internal.SessionFactoryImpl.<init>(SessionFactoryImpl.java:291) ~[hibernate-core-6.2.2.Final.jar:6.2.2.Final]
	at org.hibernate.boot.internal.SessionFactoryBuilderImpl.build(SessionFactoryBuilderImpl.java:431) ~[hibernate-core-6.2.2.Final.jar:6.2.2.Final]
	at org.hibernate.jpa.boot.internal.EntityManagerFactoryBuilderImpl.build(EntityManagerFactoryBuilderImpl.java:1455) ~[hibernate-core-6.2.2.Final.jar:6.2.2.Final]
	at org.springframework.orm.jpa.vendor.SpringHibernateJpaPersistenceProvider.createContainerEntityManagerFactory(SpringHibernateJpaPersistenceProvider.java:66) ~[spring-orm-6.0.9.jar:6.0.9]
	at org.springframework.orm.jpa.LocalContainerEntityManagerFactoryBean.createNativeEntityManagerFactory(LocalContainerEntityManagerFactoryBean.java:376) ~[spring-orm-6.0.9.jar:6.0.9]
	at org.springframework.orm.jpa.AbstractEntityManagerFactoryBean.buildNativeEntityManagerFactory(AbstractEntityManagerFactoryBean.java:409) ~[spring-orm-6.0.9.jar:6.0.9]
	at org.springframework.orm.jpa.AbstractEntityManagerFactoryBean.afterPropertiesSet(AbstractEntityManagerFactoryBean.java:396) ~[spring-orm-6.0.9.jar:6.0.9]
	at org.springframework.orm.jpa.LocalContainerEntityManagerFactoryBean.afterPropertiesSet(LocalContainerEntityManagerFactoryBean.java:352) ~[spring-orm-6.0.9.jar:6.0.9]
	at org.springframework.beans.factory.support.AbstractAutowireCapableBeanFactory.invokeInitMethods(AbstractAutowireCapableBeanFactory.java:1816) ~[spring-beans-6.0.9.jar:6.0.9]
	at org.springframework.beans.factory.support.AbstractAutowireCapableBeanFactory.initializeBean(AbstractAutowireCapableBeanFactory.java:1766) ~[spring-beans-6.0.9.jar:6.0.9]
	... 21 more
Caused by: org.postgresql.util.PSQLException: Connection to localhost:5432 refused. Check that the hostname and port are correct and that the postmaster is accepting TCP/IP connections.
	at org.postgresql.core.v3.ConnectionFactoryImpl.openConnectionImpl(ConnectionFactoryImpl.java:342) ~[postgresql-42.6.0.jar:42.6.0]
	at org.postgresql.core.ConnectionFactory.openConnection(ConnectionFactory.java:54) ~[postgresql-42.6.0.jar:42.6.0]
	at org.postgresql.jdbc.PgConnection.<init>(PgConnection.java:263) ~[postgresql-42.6.0.jar:42.6.0]
	at org.postgresql.Driver.makeConnection(Driver.java:443) ~[postgresql-42.6.0.jar:42.6.0]
	at org.postgresql.Driver.connect(Driver.java:297) ~[postgresql-42.6.0.jar:42.6.0]
	at com.zaxxer.hikari.util.DriverDataSource.getConnection(DriverDataSource.java:138) ~[HikariCP-5.0.1.jar:?]
	at com.zaxxer.hikari.pool.PoolBase.newConnection(PoolBase.java:359) ~[HikariCP-5.0.1.jar:?]
	at com.zaxxer.hikari.pool.PoolBase.newPoolEntry(PoolBase.java:201) ~[HikariCP-5.0.1.jar:?]
	at com.zaxxer.hikari.pool.HikariPool.createPoolEntry(HikariPool.java:470) ~[HikariCP-5.0.1.jar:?]
	at com.zaxxer.hikari.pool.HikariPool$PoolEntryCreator.call(HikariPool.java:733) ~[HikariCP-5.0.1.jar:?]
	at com.zaxxer.hikari.pool.HikariPool$PoolEntryCreator.call(HikariPool.java:712) ~[HikariCP-5.0.1.jar:?]
	at java.util.concurrent.FutureTask.run(FutureTask.java:264) ~[?:?]
	at java.util.concurrent.ThreadPoolExecutor.runWorker(ThreadPoolExecutor.java:1136) ~[?:?]
	at java.util.concurrent.ThreadPoolExecutor$Worker.run(ThreadPoolExecutor.java:635) ~[?:?]
	at java.lang.Thread.run(Thread.java:833) ~[?:?]
Caused by: java.net.ConnectException: Connection refused: no further information
	at sun.nio.ch.Net.pollConnect(Native Method) ~[?:?]
	at sun.nio.ch.Net.pollConnectNow(Net.java:672) ~[?:?]
	at sun.nio.ch.NioSocketImpl.timedFinishConnect(NioSocketImpl.java:542) ~[?:?]
	at sun.nio.ch.NioSocketImpl.connect(NioSocketImpl.java:597) ~[?:?]
	at java.net.SocksSocketImpl.connect(SocksSocketImpl.java:327) ~[?:?]
	at java.net.Socket.connect(Socket.java:633) ~[?:?]
	at org.postgresql.core.PGStream.createSocket(PGStream.java:243) ~[postgresql-42.6.0.jar:42.6.0]
	at org.postgresql.core.PGStream.<init>(PGStream.java:98) ~[postgresql-42.6.0.jar:42.6.0]
	at org.postgresql.core.v3.ConnectionFactoryImpl.tryConnect(ConnectionFactoryImpl.java:132) ~[postgresql-42.6.0.jar:42.6.0]
	at org.postgresql.core.v3.ConnectionFactoryImpl.openConnectionImpl(ConnectionFactoryImpl.java:258) ~[postgresql-42.6.0.jar:42.6.0]
	at org.postgresql.core.ConnectionFactory.openConnection(ConnectionFactory.java:54) ~[postgresql-42.6.0.jar:42.6.0]
	at org.postgresql.jdbc.PgConnection.<init>(PgConnection.java:263) ~[postgresql-42.6.0.jar:42.6.0]
	at org.postgresql.Driver.makeConnection(Driver.java:443) ~[postgresql-42.6.0.jar:42.6.0]
	at org.postgresql.Driver.connect(Driver.java:297) ~[postgresql-42.6.0.jar:42.6.0]
	at com.zaxxer.hikari.util.DriverDataSource.getConnection(DriverDataSource.java:138) ~[HikariCP-5.0.1.jar:?]
	at com.zaxxer.hikari.pool.PoolBase.newConnection(PoolBase.java:359) ~[HikariCP-5.0.1.jar:?]
	at com.zaxxer.hikari.pool.PoolBase.newPoolEntry(PoolBase.java:201) ~[HikariCP-5.0.1.jar:?]
	at com.zaxxer.hikari.pool.HikariPool.createPoolEntry(HikariPool.java:470) ~[HikariCP-5.0.1.jar:?]
	at com.zaxxer.hikari.pool.HikariPool$PoolEntryCreator.call(HikariPool.java:733) ~[HikariCP-5.0.1.jar:?]
	at com.zaxxer.hikari.pool.HikariPool$PoolEntryCreator.call(HikariPool.java:712) ~[HikariCP-5.0.1.jar:?]
	at java.util.concurrent.FutureTask.run(FutureTask.java:264) ~[?:?]
	at java.util.concurrent.ThreadPoolExecutor.runWorker(ThreadPoolExecutor.java:1136) ~[?:?]
	at java.util.concurrent.ThreadPoolExecutor$Worker.run(ThreadPoolExecutor.java:635) ~[?:?]
	at java.lang.Thread.run(Thread.java:833) ~[?:?]
[2023-06-22 08:59:22] INFO org.hibernate.validator.internal.util.Version(Version.java:21) - HV000001: Hibernate Validator 8.0.0.Final
[2023-06-22 08:59:22] INFO lian.sample.productapi.ProductApiApplication(StartupInfoLogger.java:51) - Starting ProductApiApplication using Java 17.0.3 with PID 12492 (C:\Users\dlaeh\workSpaces\test-sample\product-api\build\classes\java\main started by dlaeh in C:\Users\dlaeh\workSpaces\test-sample\product-api)
[2023-06-22 08:59:22] INFO lian.sample.productapi.ProductApiApplication(SpringApplication.java:639) - The following 1 profile is active: "local"
[2023-06-22 08:59:22] INFO org.springframework.boot.devtools.env.DevToolsPropertyDefaultsPostProcessor(DeferredLog.java:250) - Devtools property defaults active! Set 'spring.devtools.add-properties' to 'false' to disable
[2023-06-22 08:59:22] INFO org.springframework.boot.devtools.env.DevToolsPropertyDefaultsPostProcessor(DeferredLog.java:250) - For additional web related logging consider setting the 'logging.level.web' property to 'DEBUG'
[2023-06-22 08:59:23] INFO org.springframework.data.repository.config.RepositoryConfigurationDelegate(RepositoryConfigurationDelegate.java:138) - Bootstrapping Spring Data JPA repositories in DEFAULT mode.
[2023-06-22 08:59:23] INFO org.springframework.data.repository.config.RepositoryConfigurationDelegate(RepositoryConfigurationDelegate.java:208) - Finished Spring Data repository scanning in 49 ms. Found 2 JPA repository interfaces.
[2023-06-22 08:59:24] INFO org.springframework.boot.web.embedded.tomcat.TomcatWebServer(TomcatWebServer.java:108) - Tomcat initialized with port(s): 8080 (http)
[2023-06-22 08:59:24] INFO org.apache.coyote.http11.Http11NioProtocol(DirectJDKLog.java:173) - Initializing ProtocolHandler ["http-nio-8080"]
[2023-06-22 08:59:24] INFO org.apache.catalina.core.StandardService(DirectJDKLog.java:173) - Starting service [Tomcat]
[2023-06-22 08:59:24] INFO org.apache.catalina.core.StandardEngine(DirectJDKLog.java:173) - Starting Servlet engine: [Apache Tomcat/10.1.8]
[2023-06-22 08:59:24] INFO org.apache.catalina.core.ContainerBase.[Tomcat].[localhost].[/](DirectJDKLog.java:173) - Initializing Spring embedded WebApplicationContext
[2023-06-22 08:59:24] INFO org.springframework.boot.web.servlet.context.ServletWebServerApplicationContext(ServletWebServerApplicationContext.java:291) - Root WebApplicationContext: initialization completed in 1937 ms
[2023-06-22 08:59:24] INFO org.hibernate.jpa.internal.util.LogHelper(LogHelper.java:31) - HHH000204: Processing PersistenceUnitInfo [name: default]
[2023-06-22 08:59:24] INFO org.hibernate.Version(Version.java:44) - HHH000412: Hibernate ORM core version 6.2.2.Final
[2023-06-22 08:59:24] INFO org.hibernate.cfg.Environment(Environment.java:191) - HHH000406: Using bytecode reflection optimizer
[2023-06-22 08:59:24] INFO org.hibernate.bytecode.internal.BytecodeProviderInitiator(BytecodeProviderInitiator.java:53) - HHH000021: Bytecode provider name : bytebuddy
[2023-06-22 08:59:24] INFO org.springframework.orm.jpa.persistenceunit.SpringPersistenceUnitInfo(SpringPersistenceUnitInfo.java:87) - No LoadTimeWeaver setup: ignoring JPA class transformer
[2023-06-22 08:59:24] INFO com.zaxxer.hikari.HikariDataSource(HikariDataSource.java:110) - HikariPool-1 - Starting...
[2023-06-22 08:59:25] INFO com.zaxxer.hikari.pool.HikariPool(HikariPool.java:565) - HikariPool-1 - Added connection org.postgresql.jdbc.PgConnection@56fa1f49
[2023-06-22 08:59:25] INFO com.zaxxer.hikari.HikariDataSource(HikariDataSource.java:123) - HikariPool-1 - Start completed.
[2023-06-22 08:59:25] INFO org.hibernate.orm.dialect(DialectFactoryImpl.java:93) - HHH035001: Using dialect: org.hibernate.dialect.PostgreSQLDialect, version: org.hibernate.engine.jdbc.env.internal.JdbcEnvironmentInitiator$DialectResolutionInfoImpl@6add258d
[2023-06-22 08:59:25] INFO org.hibernate.bytecode.internal.BytecodeProviderInitiator(BytecodeProviderInitiator.java:53) - HHH000021: Bytecode provider name : bytebuddy
[2023-06-22 08:59:26] INFO org.hibernate.engine.transaction.jta.platform.internal.JtaPlatformInitiator(JtaPlatformInitiator.java:51) - HHH000490: Using JtaPlatform implementation: [org.hibernate.engine.transaction.jta.platform.internal.NoJtaPlatform]
[2023-06-22 08:59:26] INFO org.springframework.orm.jpa.LocalContainerEntityManagerFactoryBean(AbstractEntityManagerFactoryBean.java:437) - Initialized JPA EntityManagerFactory for persistence unit 'default'
[2023-06-22 08:59:27] WARN org.springframework.boot.autoconfigure.orm.jpa.JpaBaseConfiguration$JpaWebConfiguration(JpaBaseConfiguration.java:231) - spring.jpa.open-in-view is enabled by default. Therefore, database queries may be performed during view rendering. Explicitly configure spring.jpa.open-in-view to disable this warning
[2023-06-22 08:59:28] INFO org.springframework.boot.devtools.autoconfigure.OptionalLiveReloadServer(OptionalLiveReloadServer.java:59) - LiveReload server is running on port 35729
[2023-06-22 08:59:28] INFO org.apache.coyote.http11.Http11NioProtocol(DirectJDKLog.java:173) - Starting ProtocolHandler ["http-nio-8080"]
[2023-06-22 08:59:28] INFO org.springframework.boot.web.embedded.tomcat.TomcatWebServer(TomcatWebServer.java:220) - Tomcat started on port(s): 8080 (http) with context path ''
[2023-06-22 08:59:28] INFO lian.sample.productapi.ProductApiApplication(StartupInfoLogger.java:57) - Started ProductApiApplication in 6.849 seconds (process running for 7.831)
[2023-06-22 08:59:30] INFO org.apache.catalina.core.ContainerBase.[Tomcat].[localhost].[/](DirectJDKLog.java:173) - Initializing Spring DispatcherServlet 'dispatcherServlet'
[2023-06-22 08:59:30] INFO org.springframework.web.servlet.DispatcherServlet(FrameworkServlet.java:532) - Initializing Servlet 'dispatcherServlet'
[2023-06-22 08:59:30] INFO org.springframework.web.servlet.DispatcherServlet(FrameworkServlet.java:554) - Completed initialization in 1 ms
[2023-06-22 08:59:33] INFO lian.sample.productapi.exception.CommonLogHandler(CommonLogHandler.java:31) - REQUEST TRACING_ID -> 86532aa9-ea5b-40c3-ac55-2114c5134923, run method -> getProduct
[2023-06-22 08:59:44] INFO lian.sample.productapi.exception.CommonLogHandler(CommonLogHandler.java:31) - REQUEST TRACING_ID -> d7dfb7e9-4ec8-4468-981a-51b3d469b26b, run method -> getProduct
[2023-06-22 08:59:44] WARN com.zaxxer.hikari.pool.PoolBase(PoolBase.java:179) - HikariPool-1 - Failed to validate connection org.postgresql.jdbc.PgConnection@56fa1f49 (This connection has been closed.). Possibly consider using a shorter maxLifetime value.
[2023-06-22 08:59:44] WARN com.zaxxer.hikari.pool.PoolBase(PoolBase.java:179) - HikariPool-1 - Failed to validate connection org.postgresql.jdbc.PgConnection@3a294586 (This connection has been closed.). Possibly consider using a shorter maxLifetime value.
[2023-06-22 08:59:44] WARN com.zaxxer.hikari.pool.PoolBase(PoolBase.java:179) - HikariPool-1 - Failed to validate connection org.postgresql.jdbc.PgConnection@241cee10 (This connection has been closed.). Possibly consider using a shorter maxLifetime value.
[2023-06-22 08:59:44] WARN com.zaxxer.hikari.pool.PoolBase(PoolBase.java:179) - HikariPool-1 - Failed to validate connection org.postgresql.jdbc.PgConnection@c828883 (This connection has been closed.). Possibly consider using a shorter maxLifetime value.
[2023-06-22 08:59:44] WARN com.zaxxer.hikari.pool.PoolBase(PoolBase.java:179) - HikariPool-1 - Failed to validate connection org.postgresql.jdbc.PgConnection@6e9fb83d (This connection has been closed.). Possibly consider using a shorter maxLifetime value.
[2023-06-22 08:59:44] WARN com.zaxxer.hikari.pool.PoolBase(PoolBase.java:179) - HikariPool-1 - Failed to validate connection org.postgresql.jdbc.PgConnection@1e6ad51d (This connection has been closed.). Possibly consider using a shorter maxLifetime value.
[2023-06-22 08:59:44] WARN com.zaxxer.hikari.pool.PoolBase(PoolBase.java:179) - HikariPool-1 - Failed to validate connection org.postgresql.jdbc.PgConnection@5d45d4ae (This connection has been closed.). Possibly consider using a shorter maxLifetime value.
[2023-06-22 08:59:44] WARN com.zaxxer.hikari.pool.PoolBase(PoolBase.java:179) - HikariPool-1 - Failed to validate connection org.postgresql.jdbc.PgConnection@451b8915 (This connection has been closed.). Possibly consider using a shorter maxLifetime value.
[2023-06-22 08:59:44] WARN com.zaxxer.hikari.pool.PoolBase(PoolBase.java:179) - HikariPool-1 - Failed to validate connection org.postgresql.jdbc.PgConnection@56569fdb (This connection has been closed.). Possibly consider using a shorter maxLifetime value.
[2023-06-22 08:59:44] WARN com.zaxxer.hikari.pool.PoolBase(PoolBase.java:179) - HikariPool-1 - Failed to validate connection org.postgresql.jdbc.PgConnection@1edc7a31 (This connection has been closed.). Possibly consider using a shorter maxLifetime value.
[2023-06-22 09:00:14] WARN org.hibernate.engine.jdbc.spi.SqlExceptionHelper(SqlExceptionHelper.java:145) - SQL Error: 0, SQLState: 08001
[2023-06-22 09:00:14] ERROR org.hibernate.engine.jdbc.spi.SqlExceptionHelper(SqlExceptionHelper.java:150) - HikariPool-1 - Connection is not available, request timed out after 30008ms.
[2023-06-22 09:00:14] ERROR org.hibernate.engine.jdbc.spi.SqlExceptionHelper(SqlExceptionHelper.java:150) - Connection to localhost:5432 refused. Check that the hostname and port are correct and that the postmaster is accepting TCP/IP connections.
[2023-06-22 09:00:17] INFO lian.sample.productapi.exception.CommonLogHandler(CommonLogHandler.java:31) - REQUEST TRACING_ID -> 33fb3a77-0835-44f7-9559-ba32aefe8b6e, run method -> unknownServerError
[2023-06-22 09:00:18] WARN org.springframework.web.servlet.mvc.method.annotation.ExceptionHandlerExceptionResolver(AbstractHandlerExceptionResolver.java:207) - Resolved [org.springframework.dao.DataAccessResourceFailureException: Unable to acquire JDBC Connection [HikariPool-1 - Connection is not available, request timed out after 30008ms.] [n/a]]
[2023-06-22 09:01:06] INFO lian.sample.productapi.exception.CommonLogHandler(CommonLogHandler.java:31) - REQUEST TRACING_ID -> 65dd1bb6-2720-485a-bc6e-190c3efd20c8, run method -> getProduct
[2023-06-22 09:21:35] WARN com.zaxxer.hikari.pool.HikariPool(HikariPool.java:804) - HikariPool-1 - Thread starvation or clock leap detected (housekeeper delta=20m40s291ms766?s300ns).
[2023-06-22 09:22:05] WARN org.hibernate.engine.jdbc.spi.SqlExceptionHelper(SqlExceptionHelper.java:145) - SQL Error: 0, SQLState: 08001
[2023-06-22 09:22:05] ERROR org.hibernate.engine.jdbc.spi.SqlExceptionHelper(SqlExceptionHelper.java:150) - HikariPool-1 - Connection is not available, request timed out after 30008ms.
[2023-06-22 09:22:05] ERROR org.hibernate.engine.jdbc.spi.SqlExceptionHelper(SqlExceptionHelper.java:150) - Connection to localhost:5432 refused. Check that the hostname and port are correct and that the postmaster is accepting TCP/IP connections.
[2023-06-22 09:22:05] INFO lian.sample.productapi.exception.CommonLogHandler(CommonLogHandler.java:31) - REQUEST TRACING_ID -> 0fb5afc5-aed0-475e-8f41-7b2d498861b1, run method -> unknownServerError
[2023-06-22 09:22:05] WARN org.springframework.web.servlet.mvc.method.annotation.ExceptionHandlerExceptionResolver(AbstractHandlerExceptionResolver.java:207) - Resolved [org.springframework.dao.DataAccessResourceFailureException: Unable to acquire JDBC Connection [HikariPool-1 - Connection is not available, request timed out after 30008ms.] [n/a]]
[2023-06-22 10:09:55] WARN com.zaxxer.hikari.pool.HikariPool(HikariPool.java:804) - HikariPool-1 - Thread starvation or clock leap detected (housekeeper delta=17m49s696ms265?s900ns).
[2023-06-22 10:49:23] WARN com.zaxxer.hikari.pool.HikariPool(HikariPool.java:804) - HikariPool-1 - Thread starvation or clock leap detected (housekeeper delta=56s636ms935?s).
[2023-06-22 12:07:30] WARN com.zaxxer.hikari.pool.HikariPool(HikariPool.java:804) - HikariPool-1 - Thread starvation or clock leap detected (housekeeper delta=34m37s97ms722?s900ns).
[2023-06-22 12:20:55] WARN com.zaxxer.hikari.pool.HikariPool(HikariPool.java:804) - HikariPool-1 - Thread starvation or clock leap detected (housekeeper delta=4m24s406ms988?s100ns).
[2023-06-22 12:37:04] WARN com.zaxxer.hikari.pool.HikariPool(HikariPool.java:804) - HikariPool-1 - Thread starvation or clock leap detected (housekeeper delta=2m9s282ms663?s200ns).
